{"uid":"1eb565f774bf23c8","name":"test_run","fullName":"test.test_runner.Test#test_run","historyId":"6b44242b3c1c0ec424b15722f4675909","time":{"start":1725876972491,"stop":1725877045134,"duration":72643},"status":"passed","flaky":false,"newFailed":false,"newBroken":false,"newPassed":false,"retriesCount":15,"retriesStatusChange":true,"beforeStages":[{"name":"setup","time":{"start":1725876966003,"stop":1725876972489,"duration":6486},"status":"passed","steps":[],"attachments":[],"parameters":[],"shouldDisplayMessage":false,"attachmentsCount":0,"stepsCount":0,"hasContent":false,"attachmentStep":false}],"testStage":{"status":"passed","steps":[{"name":"login to the application","time":{"start":1725876973122,"stop":1725876975500,"duration":2378},"status":"passed","steps":[],"attachments":[{"uid":"47702fc9ba38d2ee","name":"login","source":"47702fc9ba38d2ee.png","type":"image/png","size":166579}],"parameters":[],"shouldDisplayMessage":false,"attachmentsCount":1,"stepsCount":0,"hasContent":true,"attachmentStep":false},{"name":"user_added","time":{"start":1725876986166,"stop":1725876986325,"duration":159},"status":"passed","steps":[],"attachments":[{"uid":"a1edf32763f763fa","name":"Successfully_added_user","source":"a1edf32763f763fa.png","type":"image/png","size":185203}],"parameters":[],"shouldDisplayMessage":false,"attachmentsCount":1,"stepsCount":0,"hasContent":true,"attachmentStep":false},{"name":"Added Recruitment","time":{"start":1725877012536,"stop":1725877012695,"duration":159},"status":"passed","steps":[],"attachments":[{"uid":"917246d44927a035","name":"Successfully added recruitment to list","source":"917246d44927a035.png","type":"image/png","size":158656}],"parameters":[],"shouldDisplayMessage":false,"attachmentsCount":1,"stepsCount":0,"hasContent":true,"attachmentStep":false},{"name":"attachment_added","time":{"start":1725877039470,"stop":1725877039667,"duration":197},"status":"passed","steps":[],"attachments":[{"uid":"5626aee4cf0889d5","name":"attachment_added_screenshot","source":"5626aee4cf0889d5.png","type":"image/png","size":160950}],"parameters":[],"shouldDisplayMessage":false,"attachmentsCount":1,"stepsCount":0,"hasContent":true,"attachmentStep":false}],"attachments":[],"parameters":[],"shouldDisplayMessage":false,"attachmentsCount":4,"stepsCount":4,"hasContent":true,"attachmentStep":false},"afterStages":[{"name":"setup::0","time":{"start":1725877045134,"stop":1725877045391,"duration":257},"status":"passed","steps":[],"attachments":[],"parameters":[],"shouldDisplayMessage":false,"attachmentsCount":0,"stepsCount":0,"hasContent":false,"attachmentStep":false}],"labels":[{"name":"tag","value":"@pytest.mark.usefixtures('setup')"},{"name":"parentSuite","value":"test"},{"name":"suite","value":"test_runner"},{"name":"subSuite","value":"Test"},{"name":"host","value":"LAPTOP-1L6QCUMU"},{"name":"thread","value":"5256-MainThread"},{"name":"framework","value":"pytest"},{"name":"language","value":"cpython3"},{"name":"package","value":"test.test_runner"},{"name":"resultFormat","value":"allure2"}],"parameters":[],"links":[],"hidden":false,"retry":false,"extra":{"severity":"normal","retries":[{"uid":"f40bc7a926a9e1cb","status":"passed","time":{"start":1725876525399,"stop":1725876599731,"duration":74332}},{"uid":"f86bdb47d3e5cf9b","status":"broken","statusDetails":"selenium.common.exceptions.ElementClickInterceptedException: Message: element click intercepted: Element <div class=\"oxd-calendar-selector-year-selected\">...</div> is not clickable at point (655, 532). Other element would receive the click: <li data-v-78753cc4=\"\" class=\"oxd-calendar-selector-year\">...</li>\n  (Session info: chrome=128.0.6613.120)\nStacktrace:\n\tGetHandleVerifier [0x00007FF6C4DDB5D2+29090]\n\t(No symbol) [0x00007FF6C4D4E689]\n\t(No symbol) [0x00007FF6C4C0B1CA]\n\t(No symbol) [0x00007FF6C4C66C0E]\n\t(No symbol) [0x00007FF6C4C64682]\n\t(No symbol) [0x00007FF6C4C61B9B]\n\t(No symbol) [0x00007FF6C4C60DB5]\n\t(No symbol) [0x00007FF6C4C52D61]\n\t(No symbol) [0x00007FF6C4C866EA]\n\t(No symbol) [0x00007FF6C4C526A6]\n\t(No symbol) [0x00007FF6C4C86900]\n\t(No symbol) [0x00007FF6C4CA65D9]\n\t(No symbol) [0x00007FF6C4C86493]\n\t(No symbol) [0x00007FF6C4C509B1]\n\t(No symbol) [0x00007FF6C4C51B11]\n\tGetHandleVerifier [0x00007FF6C50F8C5D+3295277]\n\tGetHandleVerifier [0x00007FF6C5144843+3605523]\n\tGetHandleVerifier [0x00007FF6C513A707+3564247]\n\tGetHandleVerifier [0x00007FF6C4E96EB6+797318]\n\t(No symbol) [0x00007FF6C4D5980F]\n\t(No symbol) [0x00007FF6C4D553F4]\n\t(No symbol) [0x00007FF6C4D55580]\n\t(No symbol) [0x00007FF6C4D44A1F]\n\tBaseThreadInitThunk [0x00007FFC2711257D+29]\n\tRtlUserThreadStart [0x00007FFC28A4AF28+40]","time":{"start":1725876392368,"stop":1725876409246,"duration":16878}},{"uid":"67e8157882588ad4","status":"passed","time":{"start":1725875132873,"stop":1725875169292,"duration":36419}},{"uid":"28661bcff8b1375a","status":"broken","statusDetails":"selenium.common.exceptions.ElementClickInterceptedException: Message: element click intercepted: Element <div data-v-67d2aedf=\"\" clear=\"false\" class=\"oxd-select-text-input\" tabindex=\"0\">...</div> is not clickable at point (588, 51). Other element would receive the click: <div data-v-c286b6e5=\"\" class=\"oxd-topbar-header-title\">...</div>\n  (Session info: chrome=128.0.6613.120)\nStacktrace:\n\tGetHandleVerifier [0x00007FF79FECB5D2+29090]\n\t(No symbol) [0x00007FF79FE3E689]\n\t(No symbol) [0x00007FF79FCFB1CA]\n\t(No symbol) [0x00007FF79FD56C0E]\n\t(No symbol) [0x00007FF79FD54682]\n\t(No symbol) [0x00007FF79FD51B9B]\n\t(No symbol) [0x00007FF79FD50DB5]\n\t(No symbol) [0x00007FF79FD42D61]\n\t(No symbol) [0x00007FF79FD766EA]\n\t(No symbol) [0x00007FF79FD426A6]\n\t(No symbol) [0x00007FF79FD76900]\n\t(No symbol) [0x00007FF79FD965D9]\n\t(No symbol) [0x00007FF79FD76493]\n\t(No symbol) [0x00007FF79FD409B1]\n\t(No symbol) [0x00007FF79FD41B11]\n\tGetHandleVerifier [0x00007FF7A01E8C5D+3295277]\n\tGetHandleVerifier [0x00007FF7A0234843+3605523]\n\tGetHandleVerifier [0x00007FF7A022A707+3564247]\n\tGetHandleVerifier [0x00007FF79FF86EB6+797318]\n\t(No symbol) [0x00007FF79FE4980F]\n\t(No symbol) [0x00007FF79FE453F4]\n\t(No symbol) [0x00007FF79FE45580]\n\t(No symbol) [0x00007FF79FE34A1F]\n\tBaseThreadInitThunk [0x00007FFC2711257D+29]\n\tRtlUserThreadStart [0x00007FFC28A4AF28+40]","time":{"start":1725874681803,"stop":1725874699377,"duration":17574}},{"uid":"d2e9649761573766","status":"broken","statusDetails":"selenium.common.exceptions.NoSuchElementException: Message: no such element: Unable to locate element: {\"method\":\"xpath\",\"selector\":\"//div[@role='listbox']/div/span[text()='Indian']\"}\n  (Session info: chrome=128.0.6613.120); For documentation on this error, please visit: https://www.selenium.dev/documentation/webdriver/troubleshooting/errors#no-such-element-exception\nStacktrace:\n\tGetHandleVerifier [0x00007FF7A002B5D2+29090]\n\t(No symbol) [0x00007FF79FF9E689]\n\t(No symbol) [0x00007FF79FE5B1CA]\n\t(No symbol) [0x00007FF79FEAEFD7]\n\t(No symbol) [0x00007FF79FEAF22C]\n\t(No symbol) [0x00007FF79FEA27CC]\n\t(No symbol) [0x00007FF79FED672F]\n\t(No symbol) [0x00007FF79FEA26A6]\n\t(No symbol) [0x00007FF79FED6900]\n\t(No symbol) [0x00007FF79FEF65D9]\n\t(No symbol) [0x00007FF79FED6493]\n\t(No symbol) [0x00007FF79FEA09B1]\n\t(No symbol) [0x00007FF79FEA1B11]\n\tGetHandleVerifier [0x00007FF7A0348C5D+3295277]\n\tGetHandleVerifier [0x00007FF7A0394843+3605523]\n\tGetHandleVerifier [0x00007FF7A038A707+3564247]\n\tGetHandleVerifier [0x00007FF7A00E6EB6+797318]\n\t(No symbol) [0x00007FF79FFA980F]\n\t(No symbol) [0x00007FF79FFA53F4]\n\t(No symbol) [0x00007FF79FFA5580]\n\t(No symbol) [0x00007FF79FF94A1F]\n\tBaseThreadInitThunk [0x00007FFC2711257D+29]\n\tRtlUserThreadStart [0x00007FFC28A4AF28+40]","time":{"start":1725873487383,"stop":1725873559306,"duration":71923}},{"uid":"4e1e3c00586aea3f","status":"broken","statusDetails":"selenium.common.exceptions.NoSuchElementException: Message: no such element: Unable to locate element: {\"method\":\"xpath\",\"selector\":\"//div[@role='listbox']/div/span[text()='Indian']\"}\n  (Session info: chrome=128.0.6613.120); For documentation on this error, please visit: https://www.selenium.dev/documentation/webdriver/troubleshooting/errors#no-such-element-exception\nStacktrace:\n\tGetHandleVerifier [0x00007FF7A002B5D2+29090]\n\t(No symbol) [0x00007FF79FF9E689]\n\t(No symbol) [0x00007FF79FE5B1CA]\n\t(No symbol) [0x00007FF79FEAEFD7]\n\t(No symbol) [0x00007FF79FEAF22C]\n\t(No symbol) [0x00007FF79FEA27CC]\n\t(No symbol) [0x00007FF79FED672F]\n\t(No symbol) [0x00007FF79FEA26A6]\n\t(No symbol) [0x00007FF79FED6900]\n\t(No symbol) [0x00007FF79FEF65D9]\n\t(No symbol) [0x00007FF79FED6493]\n\t(No symbol) [0x00007FF79FEA09B1]\n\t(No symbol) [0x00007FF79FEA1B11]\n\tGetHandleVerifier [0x00007FF7A0348C5D+3295277]\n\tGetHandleVerifier [0x00007FF7A0394843+3605523]\n\tGetHandleVerifier [0x00007FF7A038A707+3564247]\n\tGetHandleVerifier [0x00007FF7A00E6EB6+797318]\n\t(No symbol) [0x00007FF79FFA980F]\n\t(No symbol) [0x00007FF79FFA53F4]\n\t(No symbol) [0x00007FF79FFA5580]\n\t(No symbol) [0x00007FF79FF94A1F]\n\tBaseThreadInitThunk [0x00007FFC2711257D+29]\n\tRtlUserThreadStart [0x00007FFC28A4AF28+40]","time":{"start":1725873344537,"stop":1725873412506,"duration":67969}},{"uid":"6b9980f4dd731adc","status":"passed","time":{"start":1725873086739,"stop":1725873161749,"duration":75010}},{"uid":"2e9a10a2993c8fd3","status":"passed","time":{"start":1725872903691,"stop":1725872981781,"duration":78090}},{"uid":"c73bb48bcd4f719b","status":"passed","time":{"start":1725864937363,"stop":1725865030033,"duration":92670}},{"uid":"720cb0d0416e383e","status":"passed","time":{"start":1725862270756,"stop":1725862341931,"duration":71175}},{"uid":"3d7a00c852d215db","status":"broken","statusDetails":"selenium.common.exceptions.NoSuchElementException: Message: no such element: Unable to locate element: {\"method\":\"xpath\",\"selector\":\"//div[@role='listbox']/div/span[text()='Indian']\"}\n  (Session info: chrome=128.0.6613.120); For documentation on this error, please visit: https://www.selenium.dev/documentation/webdriver/troubleshooting/errors#no-such-element-exception\nStacktrace:\n\tGetHandleVerifier [0x00007FF65527B5D2+29090]\n\t(No symbol) [0x00007FF6551EE689]\n\t(No symbol) [0x00007FF6550AB1CA]\n\t(No symbol) [0x00007FF6550FEFD7]\n\t(No symbol) [0x00007FF6550FF22C]\n\t(No symbol) [0x00007FF6550F27CC]\n\t(No symbol) [0x00007FF65512672F]\n\t(No symbol) [0x00007FF6550F26A6]\n\t(No symbol) [0x00007FF655126900]\n\t(No symbol) [0x00007FF6551465D9]\n\t(No symbol) [0x00007FF655126493]\n\t(No symbol) [0x00007FF6550F09B1]\n\t(No symbol) [0x00007FF6550F1B11]\n\tGetHandleVerifier [0x00007FF655598C5D+3295277]\n\tGetHandleVerifier [0x00007FF6555E4843+3605523]\n\tGetHandleVerifier [0x00007FF6555DA707+3564247]\n\tGetHandleVerifier [0x00007FF655336EB6+797318]\n\t(No symbol) [0x00007FF6551F980F]\n\t(No symbol) [0x00007FF6551F53F4]\n\t(No symbol) [0x00007FF6551F5580]\n\t(No symbol) [0x00007FF6551E4A1F]\n\tBaseThreadInitThunk [0x00007FFC2711257D+29]\n\tRtlUserThreadStart [0x00007FFC28A4AF28+40]","time":{"start":1725862171971,"stop":1725862228872,"duration":56901}},{"uid":"b8caec18bcdb26cc","status":"passed","time":{"start":1725861760279,"stop":1725861829723,"duration":69444}},{"uid":"24f3a9265da3a034","status":"passed","time":{"start":1725859387280,"stop":1725859478569,"duration":91289}},{"uid":"36657a0b39cf9b98","status":"broken","statusDetails":"selenium.common.exceptions.NoSuchElementException: Message: no such element: Unable to locate element: {\"method\":\"xpath\",\"selector\":\"//div[@role='listbox']/div/span\"}\n  (Session info: chrome=128.0.6613.120); For documentation on this error, please visit: https://www.selenium.dev/documentation/webdriver/troubleshooting/errors#no-such-element-exception\nStacktrace:\n\tGetHandleVerifier [0x00007FF6C4DDB5D2+29090]\n\t(No symbol) [0x00007FF6C4D4E689]\n\t(No symbol) [0x00007FF6C4C0B1CA]\n\t(No symbol) [0x00007FF6C4C5EFD7]\n\t(No symbol) [0x00007FF6C4C5F22C]\n\t(No symbol) [0x00007FF6C4CA97F7]\n\t(No symbol) [0x00007FF6C4C8672F]\n\t(No symbol) [0x00007FF6C4CA65D9]\n\t(No symbol) [0x00007FF6C4C86493]\n\t(No symbol) [0x00007FF6C4C509B1]\n\t(No symbol) [0x00007FF6C4C51B11]\n\tGetHandleVerifier [0x00007FF6C50F8C5D+3295277]\n\tGetHandleVerifier [0x00007FF6C5144843+3605523]\n\tGetHandleVerifier [0x00007FF6C513A707+3564247]\n\tGetHandleVerifier [0x00007FF6C4E96EB6+797318]\n\t(No symbol) [0x00007FF6C4D5980F]\n\t(No symbol) [0x00007FF6C4D553F4]\n\t(No symbol) [0x00007FF6C4D55580]\n\t(No symbol) [0x00007FF6C4D44A1F]\n\tBaseThreadInitThunk [0x00007FFC2711257D+29]\n\tRtlUserThreadStart [0x00007FFC28A4AF28+40]","time":{"start":1725859229370,"stop":1725859242867,"duration":13497}},{"uid":"c24afe703f670c30","status":"passed","time":{"start":1725858414586,"stop":1725858499914,"duration":85328}}],"categories":[],"tags":["@pytest.mark.usefixtures('setup')"]},"source":"1eb565f774bf23c8.json","parameterValues":[]}