{"uid":"fc373cb864b754f0","name":"test_run","fullName":"test.test_runner.Test#test_run","historyId":"6b44242b3c1c0ec424b15722f4675909","time":{"start":1725859229370,"stop":1725859242867,"duration":13497},"status":"broken","statusMessage":"selenium.common.exceptions.NoSuchElementException: Message: no such element: Unable to locate element: {\"method\":\"xpath\",\"selector\":\"//div[@role='listbox']/div/span\"}\n  (Session info: chrome=128.0.6613.120); For documentation on this error, please visit: https://www.selenium.dev/documentation/webdriver/troubleshooting/errors#no-such-element-exception\nStacktrace:\n\tGetHandleVerifier [0x00007FF6C4DDB5D2+29090]\n\t(No symbol) [0x00007FF6C4D4E689]\n\t(No symbol) [0x00007FF6C4C0B1CA]\n\t(No symbol) [0x00007FF6C4C5EFD7]\n\t(No symbol) [0x00007FF6C4C5F22C]\n\t(No symbol) [0x00007FF6C4CA97F7]\n\t(No symbol) [0x00007FF6C4C8672F]\n\t(No symbol) [0x00007FF6C4CA65D9]\n\t(No symbol) [0x00007FF6C4C86493]\n\t(No symbol) [0x00007FF6C4C509B1]\n\t(No symbol) [0x00007FF6C4C51B11]\n\tGetHandleVerifier [0x00007FF6C50F8C5D+3295277]\n\tGetHandleVerifier [0x00007FF6C5144843+3605523]\n\tGetHandleVerifier [0x00007FF6C513A707+3564247]\n\tGetHandleVerifier [0x00007FF6C4E96EB6+797318]\n\t(No symbol) [0x00007FF6C4D5980F]\n\t(No symbol) [0x00007FF6C4D553F4]\n\t(No symbol) [0x00007FF6C4D55580]\n\t(No symbol) [0x00007FF6C4D44A1F]\n\tBaseThreadInitThunk [0x00007FFC2711257D+29]\n\tRtlUserThreadStart [0x00007FFC28A4AF28+40]","statusTrace":"self = <test.test_runner.Test object at 0x0000022EC225A360>\n\n    def test_run(self):\n        login_logout = LoginLogout(self.driver)\n        user_management = login_logout.login()\n>       user_management.add_user_credentials()\n\ntest\\test_runner.py:11: \n_ _ _ _ _ _ _ _ _ _ _ _ _ _ _ _ _ _ _ _ _ _ _ _ _ _ _ _ _ _ _ _ _ _ _ _ _ _ _ _ _ _ _ _ _ _ _ _ _ _ _ _ _ _ _ _ _ _ _ _ _ _ _ _ _ _ \npage_objects\\test_user_management.py:31: in add_user_credentials\n    self.click_on_element(self.employee_option)\nutilities\\generic_methods.py:19: in click_on_element\n    self.driver.find_element(*locator_and_value).click()\n..\\..\\..\\..\\AppData\\Local\\Programs\\Python\\Python312\\Lib\\site-packages\\selenium\\webdriver\\remote\\webdriver.py:748: in find_element\n    return self.execute(Command.FIND_ELEMENT, {\"using\": by, \"value\": value})[\"value\"]\n..\\..\\..\\..\\AppData\\Local\\Programs\\Python\\Python312\\Lib\\site-packages\\selenium\\webdriver\\remote\\webdriver.py:354: in execute\n    self.error_handler.check_response(response)\n_ _ _ _ _ _ _ _ _ _ _ _ _ _ _ _ _ _ _ _ _ _ _ _ _ _ _ _ _ _ _ _ _ _ _ _ _ _ _ _ _ _ _ _ _ _ _ _ _ _ _ _ _ _ _ _ _ _ _ _ _ _ _ _ _ _ \n\nself = <selenium.webdriver.remote.errorhandler.ErrorHandler object at 0x0000022ED236B6E0>\nresponse = {'status': 404, 'value': '{\"value\":{\"error\":\"no such element\",\"message\":\"no such element: Unable to locate element: {\\...07FF6C4D44A1F]\\\\n\\\\tBaseThreadInitThunk [0x00007FFC2711257D+29]\\\\n\\\\tRtlUserThreadStart [0x00007FFC28A4AF28+40]\\\\n\"}}'}\n\n    def check_response(self, response: Dict[str, Any]) -> None:\n        \"\"\"Checks that a JSON response from the WebDriver does not have an\n        error.\n    \n        :Args:\n         - response - The JSON response from the WebDriver server as a dictionary\n           object.\n    \n        :Raises: If the response contains an error message.\n        \"\"\"\n        status = response.get(\"status\", None)\n        if not status or status == ErrorCode.SUCCESS:\n            return\n        value = None\n        message = response.get(\"message\", \"\")\n        screen: str = response.get(\"screen\", \"\")\n        stacktrace = None\n        if isinstance(status, int):\n            value_json = response.get(\"value\", None)\n            if value_json and isinstance(value_json, str):\n                import json\n    \n                try:\n                    value = json.loads(value_json)\n                    if len(value) == 1:\n                        value = value[\"value\"]\n                    status = value.get(\"error\", None)\n                    if not status:\n                        status = value.get(\"status\", ErrorCode.UNKNOWN_ERROR)\n                        message = value.get(\"value\") or value.get(\"message\")\n                        if not isinstance(message, str):\n                            value = message\n                            message = message.get(\"message\")\n                    else:\n                        message = value.get(\"message\", None)\n                except ValueError:\n                    pass\n    \n        exception_class: Type[WebDriverException]\n        e = ErrorCode()\n        error_codes = [item for item in dir(e) if not item.startswith(\"__\")]\n        for error_code in error_codes:\n            error_info = getattr(ErrorCode, error_code)\n            if isinstance(error_info, list) and status in error_info:\n                exception_class = getattr(ExceptionMapping, error_code, WebDriverException)\n                break\n        else:\n            exception_class = WebDriverException\n    \n        if not value:\n            value = response[\"value\"]\n        if isinstance(value, str):\n            raise exception_class(value)\n        if message == \"\" and \"message\" in value:\n            message = value[\"message\"]\n    \n        screen = None  # type: ignore[assignment]\n        if \"screen\" in value:\n            screen = value[\"screen\"]\n    \n        stacktrace = None\n        st_value = value.get(\"stackTrace\") or value.get(\"stacktrace\")\n        if st_value:\n            if isinstance(st_value, str):\n                stacktrace = st_value.split(\"\\n\")\n            else:\n                stacktrace = []\n                try:\n                    for frame in st_value:\n                        line = frame.get(\"lineNumber\", \"\")\n                        file = frame.get(\"fileName\", \"<anonymous>\")\n                        if line:\n                            file = f\"{file}:{line}\"\n                        meth = frame.get(\"methodName\", \"<anonymous>\")\n                        if \"className\" in frame:\n                            meth = f\"{frame['className']}.{meth}\"\n                        msg = \"    at %s (%s)\"\n                        msg = msg % (meth, file)\n                        stacktrace.append(msg)\n                except TypeError:\n                    pass\n        if exception_class == UnexpectedAlertPresentException:\n            alert_text = None\n            if \"data\" in value:\n                alert_text = value[\"data\"].get(\"text\")\n            elif \"alert\" in value:\n                alert_text = value[\"alert\"].get(\"text\")\n            raise exception_class(message, screen, stacktrace, alert_text)  # type: ignore[call-arg]  # mypy is not smart enough here\n>       raise exception_class(message, screen, stacktrace)\nE       selenium.common.exceptions.NoSuchElementException: Message: no such element: Unable to locate element: {\"method\":\"xpath\",\"selector\":\"//div[@role='listbox']/div/span\"}\nE         (Session info: chrome=128.0.6613.120); For documentation on this error, please visit: https://www.selenium.dev/documentation/webdriver/troubleshooting/errors#no-such-element-exception\nE       Stacktrace:\nE       \tGetHandleVerifier [0x00007FF6C4DDB5D2+29090]\nE       \t(No symbol) [0x00007FF6C4D4E689]\nE       \t(No symbol) [0x00007FF6C4C0B1CA]\nE       \t(No symbol) [0x00007FF6C4C5EFD7]\nE       \t(No symbol) [0x00007FF6C4C5F22C]\nE       \t(No symbol) [0x00007FF6C4CA97F7]\nE       \t(No symbol) [0x00007FF6C4C8672F]\nE       \t(No symbol) [0x00007FF6C4CA65D9]\nE       \t(No symbol) [0x00007FF6C4C86493]\nE       \t(No symbol) [0x00007FF6C4C509B1]\nE       \t(No symbol) [0x00007FF6C4C51B11]\nE       \tGetHandleVerifier [0x00007FF6C50F8C5D+3295277]\nE       \tGetHandleVerifier [0x00007FF6C5144843+3605523]\nE       \tGetHandleVerifier [0x00007FF6C513A707+3564247]\nE       \tGetHandleVerifier [0x00007FF6C4E96EB6+797318]\nE       \t(No symbol) [0x00007FF6C4D5980F]\nE       \t(No symbol) [0x00007FF6C4D553F4]\nE       \t(No symbol) [0x00007FF6C4D55580]\nE       \t(No symbol) [0x00007FF6C4D44A1F]\nE       \tBaseThreadInitThunk [0x00007FFC2711257D+29]\nE       \tRtlUserThreadStart [0x00007FFC28A4AF28+40]\n\n..\\..\\..\\..\\AppData\\Local\\Programs\\Python\\Python312\\Lib\\site-packages\\selenium\\webdriver\\remote\\errorhandler.py:229: NoSuchElementException","flaky":false,"newFailed":false,"newBroken":false,"newPassed":false,"retriesCount":0,"retriesStatusChange":false,"beforeStages":[{"name":"setup","time":{"start":1725859221955,"stop":1725859229358,"duration":7403},"status":"passed","steps":[],"attachments":[],"parameters":[],"hasContent":false,"attachmentStep":false,"stepsCount":0,"shouldDisplayMessage":false,"attachmentsCount":0}],"testStage":{"status":"broken","statusMessage":"selenium.common.exceptions.NoSuchElementException: Message: no such element: Unable to locate element: {\"method\":\"xpath\",\"selector\":\"//div[@role='listbox']/div/span\"}\n  (Session info: chrome=128.0.6613.120); For documentation on this error, please visit: https://www.selenium.dev/documentation/webdriver/troubleshooting/errors#no-such-element-exception\nStacktrace:\n\tGetHandleVerifier [0x00007FF6C4DDB5D2+29090]\n\t(No symbol) [0x00007FF6C4D4E689]\n\t(No symbol) [0x00007FF6C4C0B1CA]\n\t(No symbol) [0x00007FF6C4C5EFD7]\n\t(No symbol) [0x00007FF6C4C5F22C]\n\t(No symbol) [0x00007FF6C4CA97F7]\n\t(No symbol) [0x00007FF6C4C8672F]\n\t(No symbol) [0x00007FF6C4CA65D9]\n\t(No symbol) [0x00007FF6C4C86493]\n\t(No symbol) [0x00007FF6C4C509B1]\n\t(No symbol) [0x00007FF6C4C51B11]\n\tGetHandleVerifier [0x00007FF6C50F8C5D+3295277]\n\tGetHandleVerifier [0x00007FF6C5144843+3605523]\n\tGetHandleVerifier [0x00007FF6C513A707+3564247]\n\tGetHandleVerifier [0x00007FF6C4E96EB6+797318]\n\t(No symbol) [0x00007FF6C4D5980F]\n\t(No symbol) [0x00007FF6C4D553F4]\n\t(No symbol) [0x00007FF6C4D55580]\n\t(No symbol) [0x00007FF6C4D44A1F]\n\tBaseThreadInitThunk [0x00007FFC2711257D+29]\n\tRtlUserThreadStart [0x00007FFC28A4AF28+40]","statusTrace":"self = <test.test_runner.Test object at 0x0000022EC225A360>\n\n    def test_run(self):\n        login_logout = LoginLogout(self.driver)\n        user_management = login_logout.login()\n>       user_management.add_user_credentials()\n\ntest\\test_runner.py:11: \n_ _ _ _ _ _ _ _ _ _ _ _ _ _ _ _ _ _ _ _ _ _ _ _ _ _ _ _ _ _ _ _ _ _ _ _ _ _ _ _ _ _ _ _ _ _ _ _ _ _ _ _ _ _ _ _ _ _ _ _ _ _ _ _ _ _ \npage_objects\\test_user_management.py:31: in add_user_credentials\n    self.click_on_element(self.employee_option)\nutilities\\generic_methods.py:19: in click_on_element\n    self.driver.find_element(*locator_and_value).click()\n..\\..\\..\\..\\AppData\\Local\\Programs\\Python\\Python312\\Lib\\site-packages\\selenium\\webdriver\\remote\\webdriver.py:748: in find_element\n    return self.execute(Command.FIND_ELEMENT, {\"using\": by, \"value\": value})[\"value\"]\n..\\..\\..\\..\\AppData\\Local\\Programs\\Python\\Python312\\Lib\\site-packages\\selenium\\webdriver\\remote\\webdriver.py:354: in execute\n    self.error_handler.check_response(response)\n_ _ _ _ _ _ _ _ _ _ _ _ _ _ _ _ _ _ _ _ _ _ _ _ _ _ _ _ _ _ _ _ _ _ _ _ _ _ _ _ _ _ _ _ _ _ _ _ _ _ _ _ _ _ _ _ _ _ _ _ _ _ _ _ _ _ \n\nself = <selenium.webdriver.remote.errorhandler.ErrorHandler object at 0x0000022ED236B6E0>\nresponse = {'status': 404, 'value': '{\"value\":{\"error\":\"no such element\",\"message\":\"no such element: Unable to locate element: {\\...07FF6C4D44A1F]\\\\n\\\\tBaseThreadInitThunk [0x00007FFC2711257D+29]\\\\n\\\\tRtlUserThreadStart [0x00007FFC28A4AF28+40]\\\\n\"}}'}\n\n    def check_response(self, response: Dict[str, Any]) -> None:\n        \"\"\"Checks that a JSON response from the WebDriver does not have an\n        error.\n    \n        :Args:\n         - response - The JSON response from the WebDriver server as a dictionary\n           object.\n    \n        :Raises: If the response contains an error message.\n        \"\"\"\n        status = response.get(\"status\", None)\n        if not status or status == ErrorCode.SUCCESS:\n            return\n        value = None\n        message = response.get(\"message\", \"\")\n        screen: str = response.get(\"screen\", \"\")\n        stacktrace = None\n        if isinstance(status, int):\n            value_json = response.get(\"value\", None)\n            if value_json and isinstance(value_json, str):\n                import json\n    \n                try:\n                    value = json.loads(value_json)\n                    if len(value) == 1:\n                        value = value[\"value\"]\n                    status = value.get(\"error\", None)\n                    if not status:\n                        status = value.get(\"status\", ErrorCode.UNKNOWN_ERROR)\n                        message = value.get(\"value\") or value.get(\"message\")\n                        if not isinstance(message, str):\n                            value = message\n                            message = message.get(\"message\")\n                    else:\n                        message = value.get(\"message\", None)\n                except ValueError:\n                    pass\n    \n        exception_class: Type[WebDriverException]\n        e = ErrorCode()\n        error_codes = [item for item in dir(e) if not item.startswith(\"__\")]\n        for error_code in error_codes:\n            error_info = getattr(ErrorCode, error_code)\n            if isinstance(error_info, list) and status in error_info:\n                exception_class = getattr(ExceptionMapping, error_code, WebDriverException)\n                break\n        else:\n            exception_class = WebDriverException\n    \n        if not value:\n            value = response[\"value\"]\n        if isinstance(value, str):\n            raise exception_class(value)\n        if message == \"\" and \"message\" in value:\n            message = value[\"message\"]\n    \n        screen = None  # type: ignore[assignment]\n        if \"screen\" in value:\n            screen = value[\"screen\"]\n    \n        stacktrace = None\n        st_value = value.get(\"stackTrace\") or value.get(\"stacktrace\")\n        if st_value:\n            if isinstance(st_value, str):\n                stacktrace = st_value.split(\"\\n\")\n            else:\n                stacktrace = []\n                try:\n                    for frame in st_value:\n                        line = frame.get(\"lineNumber\", \"\")\n                        file = frame.get(\"fileName\", \"<anonymous>\")\n                        if line:\n                            file = f\"{file}:{line}\"\n                        meth = frame.get(\"methodName\", \"<anonymous>\")\n                        if \"className\" in frame:\n                            meth = f\"{frame['className']}.{meth}\"\n                        msg = \"    at %s (%s)\"\n                        msg = msg % (meth, file)\n                        stacktrace.append(msg)\n                except TypeError:\n                    pass\n        if exception_class == UnexpectedAlertPresentException:\n            alert_text = None\n            if \"data\" in value:\n                alert_text = value[\"data\"].get(\"text\")\n            elif \"alert\" in value:\n                alert_text = value[\"alert\"].get(\"text\")\n            raise exception_class(message, screen, stacktrace, alert_text)  # type: ignore[call-arg]  # mypy is not smart enough here\n>       raise exception_class(message, screen, stacktrace)\nE       selenium.common.exceptions.NoSuchElementException: Message: no such element: Unable to locate element: {\"method\":\"xpath\",\"selector\":\"//div[@role='listbox']/div/span\"}\nE         (Session info: chrome=128.0.6613.120); For documentation on this error, please visit: https://www.selenium.dev/documentation/webdriver/troubleshooting/errors#no-such-element-exception\nE       Stacktrace:\nE       \tGetHandleVerifier [0x00007FF6C4DDB5D2+29090]\nE       \t(No symbol) [0x00007FF6C4D4E689]\nE       \t(No symbol) [0x00007FF6C4C0B1CA]\nE       \t(No symbol) [0x00007FF6C4C5EFD7]\nE       \t(No symbol) [0x00007FF6C4C5F22C]\nE       \t(No symbol) [0x00007FF6C4CA97F7]\nE       \t(No symbol) [0x00007FF6C4C8672F]\nE       \t(No symbol) [0x00007FF6C4CA65D9]\nE       \t(No symbol) [0x00007FF6C4C86493]\nE       \t(No symbol) [0x00007FF6C4C509B1]\nE       \t(No symbol) [0x00007FF6C4C51B11]\nE       \tGetHandleVerifier [0x00007FF6C50F8C5D+3295277]\nE       \tGetHandleVerifier [0x00007FF6C5144843+3605523]\nE       \tGetHandleVerifier [0x00007FF6C513A707+3564247]\nE       \tGetHandleVerifier [0x00007FF6C4E96EB6+797318]\nE       \t(No symbol) [0x00007FF6C4D5980F]\nE       \t(No symbol) [0x00007FF6C4D553F4]\nE       \t(No symbol) [0x00007FF6C4D55580]\nE       \t(No symbol) [0x00007FF6C4D44A1F]\nE       \tBaseThreadInitThunk [0x00007FFC2711257D+29]\nE       \tRtlUserThreadStart [0x00007FFC28A4AF28+40]\n\n..\\..\\..\\..\\AppData\\Local\\Programs\\Python\\Python312\\Lib\\site-packages\\selenium\\webdriver\\remote\\errorhandler.py:229: NoSuchElementException","steps":[{"name":"login to the application","time":{"start":1725859230303,"stop":1725859233837,"duration":3534},"status":"passed","steps":[],"attachments":[{"uid":"b0f9da093fd03b4e","name":"login","source":"b0f9da093fd03b4e.png","type":"image/png","size":146399}],"parameters":[],"hasContent":true,"attachmentStep":false,"stepsCount":0,"shouldDisplayMessage":false,"attachmentsCount":1}],"attachments":[],"parameters":[],"hasContent":true,"attachmentStep":false,"stepsCount":1,"shouldDisplayMessage":true,"attachmentsCount":1},"afterStages":[{"name":"setup::0","time":{"start":1725859244353,"stop":1725859244767,"duration":414},"status":"passed","steps":[],"attachments":[],"parameters":[],"hasContent":false,"attachmentStep":false,"stepsCount":0,"shouldDisplayMessage":false,"attachmentsCount":0}],"labels":[{"name":"tag","value":"@pytest.mark.usefixtures('setup')"},{"name":"parentSuite","value":"test"},{"name":"suite","value":"test_runner"},{"name":"subSuite","value":"Test"},{"name":"host","value":"LAPTOP-1L6QCUMU"},{"name":"thread","value":"25844-MainThread"},{"name":"framework","value":"pytest"},{"name":"language","value":"cpython3"},{"name":"package","value":"test.test_runner"},{"name":"resultFormat","value":"allure2"}],"parameters":[],"links":[],"hidden":true,"retry":true,"extra":{"categories":[],"tags":["@pytest.mark.usefixtures('setup')"]},"source":"fc373cb864b754f0.json","parameterValues":[]}