{"name": "test_run", "status": "broken", "statusDetails": {"message": "selenium.common.exceptions.NoSuchElementException: Message: no such element: Unable to locate element: {\"method\":\"xpath\",\"selector\":\"//div[@role='listbox']/div/span[text()='Indian']\"}\n  (Session info: chrome=128.0.6613.120); For documentation on this error, please visit: https://www.selenium.dev/documentation/webdriver/troubleshooting/errors#no-such-element-exception\nStacktrace:\n\tGetHandleVerifier [0x00007FF65527B5D2+29090]\n\t(No symbol) [0x00007FF6551EE689]\n\t(No symbol) [0x00007FF6550AB1CA]\n\t(No symbol) [0x00007FF6550FEFD7]\n\t(No symbol) [0x00007FF6550FF22C]\n\t(No symbol) [0x00007FF6550F27CC]\n\t(No symbol) [0x00007FF65512672F]\n\t(No symbol) [0x00007FF6550F26A6]\n\t(No symbol) [0x00007FF655126900]\n\t(No symbol) [0x00007FF6551465D9]\n\t(No symbol) [0x00007FF655126493]\n\t(No symbol) [0x00007FF6550F09B1]\n\t(No symbol) [0x00007FF6550F1B11]\n\tGetHandleVerifier [0x00007FF655598C5D+3295277]\n\tGetHandleVerifier [0x00007FF6555E4843+3605523]\n\tGetHandleVerifier [0x00007FF6555DA707+3564247]\n\tGetHandleVerifier [0x00007FF655336EB6+797318]\n\t(No symbol) [0x00007FF6551F980F]\n\t(No symbol) [0x00007FF6551F53F4]\n\t(No symbol) [0x00007FF6551F5580]\n\t(No symbol) [0x00007FF6551E4A1F]\n\tBaseThreadInitThunk [0x00007FFC2711257D+29]\n\tRtlUserThreadStart [0x00007FFC28A4AF28+40]", "trace": "self = <test.test_runner.Test object at 0x0000023049F5A5D0>\n\n    def test_run(self):\n        login_logout = LoginLogout(self.driver)\n        user_management = login_logout.login()\n        user_management.add_user_credentials()\n        leave_page = user_management.delete_user_from_users_list()\n        Recruitment_page = leave_page.input_leave_details()\n        my_info_page = Recruitment_page.input_recruitment_details()\n>       my_info_page.input_personal_details()\n\ntest\\test_runner.py:15: \n_ _ _ _ _ _ _ _ _ _ _ _ _ _ _ _ _ _ _ _ _ _ _ _ _ _ _ _ _ _ _ _ _ _ _ _ _ _ _ _\npage_objects\\test_my_info.py:32: in input_personal_details\n    nationality_options = form.find_element(*self.nationality_option)\nC:\\Users\\manju\\AppData\\Local\\Programs\\Python\\Python312\\Lib\\site-packages\\selenium\\webdriver\\remote\\webelement.py:417: in find_element\n    return self._execute(Command.FIND_CHILD_ELEMENT, {\"using\": by, \"value\": value})[\"value\"]\nC:\\Users\\manju\\AppData\\Local\\Programs\\Python\\Python312\\Lib\\site-packages\\selenium\\webdriver\\remote\\webelement.py:395: in _execute\n    return self._parent.execute(command, params)\nC:\\Users\\manju\\AppData\\Local\\Programs\\Python\\Python312\\Lib\\site-packages\\selenium\\webdriver\\remote\\webdriver.py:354: in execute\n    self.error_handler.check_response(response)\n_ _ _ _ _ _ _ _ _ _ _ _ _ _ _ _ _ _ _ _ _ _ _ _ _ _ _ _ _ _ _ _ _ _ _ _ _ _ _ _\n\nself = <selenium.webdriver.remote.errorhandler.ErrorHandler object at 0x000002304BD276E0>\nresponse = {'status': 404, 'value': '{\"value\":{\"error\":\"no such element\",\"message\":\"no such element: Unable to locate element: {\\...07FF6551E4A1F]\\\\n\\\\tBaseThreadInitThunk [0x00007FFC2711257D+29]\\\\n\\\\tRtlUserThreadStart [0x00007FFC28A4AF28+40]\\\\n\"}}'}\n\n    def check_response(self, response: Dict[str, Any]) -> None:\n        \"\"\"Checks that a JSON response from the WebDriver does not have an\n        error.\n    \n        :Args:\n         - response - The JSON response from the WebDriver server as a dictionary\n           object.\n    \n        :Raises: If the response contains an error message.\n        \"\"\"\n        status = response.get(\"status\", None)\n        if not status or status == ErrorCode.SUCCESS:\n            return\n        value = None\n        message = response.get(\"message\", \"\")\n        screen: str = response.get(\"screen\", \"\")\n        stacktrace = None\n        if isinstance(status, int):\n            value_json = response.get(\"value\", None)\n            if value_json and isinstance(value_json, str):\n                import json\n    \n                try:\n                    value = json.loads(value_json)\n                    if len(value) == 1:\n                        value = value[\"value\"]\n                    status = value.get(\"error\", None)\n                    if not status:\n                        status = value.get(\"status\", ErrorCode.UNKNOWN_ERROR)\n                        message = value.get(\"value\") or value.get(\"message\")\n                        if not isinstance(message, str):\n                            value = message\n                            message = message.get(\"message\")\n                    else:\n                        message = value.get(\"message\", None)\n                except ValueError:\n                    pass\n    \n        exception_class: Type[WebDriverException]\n        e = ErrorCode()\n        error_codes = [item for item in dir(e) if not item.startswith(\"__\")]\n        for error_code in error_codes:\n            error_info = getattr(ErrorCode, error_code)\n            if isinstance(error_info, list) and status in error_info:\n                exception_class = getattr(ExceptionMapping, error_code, WebDriverException)\n                break\n        else:\n            exception_class = WebDriverException\n    \n        if not value:\n            value = response[\"value\"]\n        if isinstance(value, str):\n            raise exception_class(value)\n        if message == \"\" and \"message\" in value:\n            message = value[\"message\"]\n    \n        screen = None  # type: ignore[assignment]\n        if \"screen\" in value:\n            screen = value[\"screen\"]\n    \n        stacktrace = None\n        st_value = value.get(\"stackTrace\") or value.get(\"stacktrace\")\n        if st_value:\n            if isinstance(st_value, str):\n                stacktrace = st_value.split(\"\\n\")\n            else:\n                stacktrace = []\n                try:\n                    for frame in st_value:\n                        line = frame.get(\"lineNumber\", \"\")\n                        file = frame.get(\"fileName\", \"<anonymous>\")\n                        if line:\n                            file = f\"{file}:{line}\"\n                        meth = frame.get(\"methodName\", \"<anonymous>\")\n                        if \"className\" in frame:\n                            meth = f\"{frame['className']}.{meth}\"\n                        msg = \"    at %s (%s)\"\n                        msg = msg % (meth, file)\n                        stacktrace.append(msg)\n                except TypeError:\n                    pass\n        if exception_class == UnexpectedAlertPresentException:\n            alert_text = None\n            if \"data\" in value:\n                alert_text = value[\"data\"].get(\"text\")\n            elif \"alert\" in value:\n                alert_text = value[\"alert\"].get(\"text\")\n            raise exception_class(message, screen, stacktrace, alert_text)  # type: ignore[call-arg]  # mypy is not smart enough here\n>       raise exception_class(message, screen, stacktrace)\nE       selenium.common.exceptions.NoSuchElementException: Message: no such element: Unable to locate element: {\"method\":\"xpath\",\"selector\":\"//div[@role='listbox']/div/span[text()='Indian']\"}\nE         (Session info: chrome=128.0.6613.120); For documentation on this error, please visit: https://www.selenium.dev/documentation/webdriver/troubleshooting/errors#no-such-element-exception\nE       Stacktrace:\nE       \tGetHandleVerifier [0x00007FF65527B5D2+29090]\nE       \t(No symbol) [0x00007FF6551EE689]\nE       \t(No symbol) [0x00007FF6550AB1CA]\nE       \t(No symbol) [0x00007FF6550FEFD7]\nE       \t(No symbol) [0x00007FF6550FF22C]\nE       \t(No symbol) [0x00007FF6550F27CC]\nE       \t(No symbol) [0x00007FF65512672F]\nE       \t(No symbol) [0x00007FF6550F26A6]\nE       \t(No symbol) [0x00007FF655126900]\nE       \t(No symbol) [0x00007FF6551465D9]\nE       \t(No symbol) [0x00007FF655126493]\nE       \t(No symbol) [0x00007FF6550F09B1]\nE       \t(No symbol) [0x00007FF6550F1B11]\nE       \tGetHandleVerifier [0x00007FF655598C5D+3295277]\nE       \tGetHandleVerifier [0x00007FF6555E4843+3605523]\nE       \tGetHandleVerifier [0x00007FF6555DA707+3564247]\nE       \tGetHandleVerifier [0x00007FF655336EB6+797318]\nE       \t(No symbol) [0x00007FF6551F980F]\nE       \t(No symbol) [0x00007FF6551F53F4]\nE       \t(No symbol) [0x00007FF6551F5580]\nE       \t(No symbol) [0x00007FF6551E4A1F]\nE       \tBaseThreadInitThunk [0x00007FFC2711257D+29]\nE       \tRtlUserThreadStart [0x00007FFC28A4AF28+40]\n\nC:\\Users\\manju\\AppData\\Local\\Programs\\Python\\Python312\\Lib\\site-packages\\selenium\\webdriver\\remote\\errorhandler.py:229: NoSuchElementException"}, "steps": [{"name": "login to the application", "status": "passed", "attachments": [{"name": "login", "source": "7531354b-bfa3-43fe-9707-5933f19c5c4c-attachment.png", "type": "image/png"}], "start": 1725862172735, "stop": 1725862176148}, {"name": "user_added", "status": "passed", "attachments": [{"name": "Successfully_added_user", "source": "0a01625f-5825-4444-9e03-f3604994f7f0-attachment.png", "type": "image/png"}], "start": 1725862187800, "stop": 1725862187900}, {"name": "Added Recruitment", "status": "passed", "attachments": [{"name": "Successfully added recruitment to list", "source": "31249bf4-5428-4986-9f64-57da5b661205-attachment.png", "type": "image/png"}], "start": 1725862209750, "stop": 1725862209833}], "start": 1725862171971, "stop": 1725862228872, "uuid": "45afa2eb-6b05-4bab-98bb-74d1ab397356", "historyId": "6b44242b3c1c0ec424b15722f4675909", "testCaseId": "6b44242b3c1c0ec424b15722f4675909", "fullName": "test.test_runner.Test#test_run", "labels": [{"name": "tag", "value": "@pytest.mark.usefixtures('setup')"}, {"name": "parentSuite", "value": "test"}, {"name": "suite", "value": "test_runner"}, {"name": "subSuite", "value": "Test"}, {"name": "host", "value": "LAPTOP-1L6QCUMU"}, {"name": "thread", "value": "8472-MainThread"}, {"name": "framework", "value": "pytest"}, {"name": "language", "value": "cpython3"}, {"name": "package", "value": "test.test_runner"}]}